<?xml version="1.0" encoding="UTF-8"?>
<testng-results ignored="0" total="18" passed="18" failed="0" skipped="0">
  <reporter-output>
  </reporter-output>
  <suite started-at="2025-04-10T14:31:59 EDT" name="Suite" finished-at="2025-04-10T14:34:20 EDT" duration-ms="141152">
    <groups>
      <group name="regression">
        <method signature="TestCase3.SignupMethod()[pri:0, instance:qa.test.TestCase3@2af004b]" name="SignupMethod" class="qa.test.TestCase3"/>
        <method signature="TestCase5.DeleteConMethod()[pri:0, instance:qa.test.TestCase5@7ef82753]" name="DeleteConMethod" class="qa.test.TestCase5"/>
      </group> <!-- regression -->
    </groups>
    <test started-at="2025-04-10T14:31:59 EDT" name="Test" finished-at="2025-04-10T14:34:20 EDT" duration-ms="141152">
      <class name="qa.test.TestCase6">
        <test-method is-config="true" signature="setUp(java.lang.String)[pri:0, instance:qa.test.TestCase6@543295b0]" started-at="2025-04-10T14:33:38 EDT" name="setUp" finished-at="2025-04-10T14:33:43 EDT" duration-ms="4973" status="PASS">
          <params>
            <param index="0">
              <value>
                <![CDATA[firefox]]>
              </value>
            </param>
          </params>
          <reporter-output>
          </reporter-output>
        </test-method> <!-- setUp -->
        <test-method is-config="true" signature="beforeClass()[pri:0, instance:qa.test.TestCase6@543295b0]" started-at="2025-04-10T14:33:43 EDT" name="beforeClass" finished-at="2025-04-10T14:33:43 EDT" duration-ms="600" status="PASS">
          <reporter-output>
          </reporter-output>
        </test-method> <!-- beforeClass -->
        <test-method signature="EditContactMethod()[pri:0, instance:qa.test.TestCase6@543295b0]" started-at="2025-04-10T14:33:43 EDT" name="EditContactMethod" finished-at="2025-04-10T14:33:44 EDT" duration-ms="418" status="PASS">
          <reporter-output>
          </reporter-output>
        </test-method> <!-- EditContactMethod -->
        <test-method is-config="true" signature="afterMethod(org.testng.ITestResult)[pri:0, instance:qa.test.TestCase6@543295b0]" started-at="2025-04-10T14:33:44 EDT" name="afterMethod" finished-at="2025-04-10T14:33:44 EDT" duration-ms="0" status="PASS">
          <params>
            <param index="0">
              <value>
                <![CDATA[[TestResult name=EditContactMethod status=SUCCESS method=TestCase6.EditContactMethod()[pri:0, instance:qa.test.TestCase6@543295b0] output={null}]]]>
              </value>
            </param>
          </params>
          <reporter-output>
          </reporter-output>
        </test-method> <!-- afterMethod -->
        <test-method signature="testExample()[pri:0, instance:qa.test.TestCase6@543295b0]" started-at="2025-04-10T14:33:44 EDT" name="testExample" finished-at="2025-04-10T14:33:44 EDT" duration-ms="3" status="PASS">
          <reporter-output>
          </reporter-output>
        </test-method> <!-- testExample -->
        <test-method is-config="true" signature="afterMethod(org.testng.ITestResult)[pri:0, instance:qa.test.TestCase6@543295b0]" started-at="2025-04-10T14:33:44 EDT" name="afterMethod" finished-at="2025-04-10T14:33:44 EDT" duration-ms="3" status="PASS">
          <params>
            <param index="0">
              <value>
                <![CDATA[[TestResult name=testExample status=SUCCESS method=baseTest.testExample()[pri:0, instance:qa.test.TestCase6@543295b0] output={null}]]]>
              </value>
            </param>
          </params>
          <reporter-output>
          </reporter-output>
        </test-method> <!-- afterMethod -->
        <test-method is-config="true" signature="tearDown()[pri:0, instance:qa.test.TestCase6@543295b0]" started-at="2025-04-10T14:33:44 EDT" name="tearDown" finished-at="2025-04-10T14:33:46 EDT" duration-ms="2148" status="PASS">
          <reporter-output>
          </reporter-output>
        </test-method> <!-- tearDown -->
        <test-method is-config="true" signature="afterClass()[pri:0, instance:qa.test.TestCase6@543295b0]" started-at="2025-04-10T14:33:44 EDT" name="afterClass" finished-at="2025-04-10T14:33:44 EDT" duration-ms="0" status="PASS">
          <reporter-output>
          </reporter-output>
        </test-method> <!-- afterClass -->
      </class> <!-- qa.test.TestCase6 -->
      <class name="qa.test.TestCase7">
        <test-method is-config="true" signature="setUp(java.lang.String)[pri:0, instance:qa.test.TestCase7@117159c0]" started-at="2025-04-10T14:33:46 EDT" name="setUp" finished-at="2025-04-10T14:33:53 EDT" duration-ms="6996" status="PASS">
          <params>
            <param index="0">
              <value>
                <![CDATA[firefox]]>
              </value>
            </param>
          </params>
          <reporter-output>
          </reporter-output>
        </test-method> <!-- setUp -->
        <test-method is-config="true" signature="beforeClass()[pri:0, instance:qa.test.TestCase7@117159c0]" started-at="2025-04-10T14:33:53 EDT" name="beforeClass" finished-at="2025-04-10T14:33:53 EDT" duration-ms="45" status="PASS">
          <reporter-output>
          </reporter-output>
        </test-method> <!-- beforeClass -->
        <test-method signature="invalidloginMethod()[pri:0, instance:qa.test.TestCase7@117159c0]" started-at="2025-04-10T14:33:53 EDT" name="invalidloginMethod" finished-at="2025-04-10T14:33:54 EDT" duration-ms="1164" status="PASS">
          <reporter-output>
          </reporter-output>
        </test-method> <!-- invalidloginMethod -->
        <test-method is-config="true" signature="afterMethod(org.testng.ITestResult)[pri:0, instance:qa.test.TestCase7@117159c0]" started-at="2025-04-10T14:33:54 EDT" name="afterMethod" finished-at="2025-04-10T14:33:54 EDT" duration-ms="0" status="PASS">
          <params>
            <param index="0">
              <value>
                <![CDATA[[TestResult name=testExample status=SUCCESS method=baseTest.testExample()[pri:0, instance:qa.test.TestCase7@117159c0] output={null}]]]>
              </value>
            </param>
          </params>
          <reporter-output>
          </reporter-output>
        </test-method> <!-- afterMethod -->
        <test-method is-config="true" signature="tearDown()[pri:0, instance:qa.test.TestCase7@117159c0]" started-at="2025-04-10T14:33:54 EDT" name="tearDown" finished-at="2025-04-10T14:33:57 EDT" duration-ms="2706" status="PASS">
          <reporter-output>
          </reporter-output>
        </test-method> <!-- tearDown -->
        <test-method signature="testExample()[pri:0, instance:qa.test.TestCase7@117159c0]" started-at="2025-04-10T14:33:54 EDT" name="testExample" finished-at="2025-04-10T14:33:54 EDT" duration-ms="0" status="PASS">
          <reporter-output>
          </reporter-output>
        </test-method> <!-- testExample -->
        <test-method is-config="true" signature="afterMethod(org.testng.ITestResult)[pri:0, instance:qa.test.TestCase7@117159c0]" started-at="2025-04-10T14:33:54 EDT" name="afterMethod" finished-at="2025-04-10T14:33:54 EDT" duration-ms="0" status="PASS">
          <params>
            <param index="0">
              <value>
                <![CDATA[[TestResult name=invalidloginMethod status=SUCCESS method=TestCase7.invalidloginMethod()[pri:0, instance:qa.test.TestCase7@117159c0] output={null}]]]>
              </value>
            </param>
          </params>
          <reporter-output>
          </reporter-output>
        </test-method> <!-- afterMethod -->
        <test-method is-config="true" signature="afterClass()[pri:0, instance:qa.test.TestCase7@117159c0]" started-at="2025-04-10T14:33:54 EDT" name="afterClass" finished-at="2025-04-10T14:33:54 EDT" duration-ms="0" status="PASS">
          <reporter-output>
          </reporter-output>
        </test-method> <!-- afterClass -->
      </class> <!-- qa.test.TestCase7 -->
      <class name="qa.test.TestCase4">
        <test-method is-config="true" signature="setUp(java.lang.String)[pri:0, instance:qa.test.TestCase4@248e319b]" started-at="2025-04-10T14:32:58 EDT" name="setUp" finished-at="2025-04-10T14:33:03 EDT" duration-ms="4383" status="PASS">
          <params>
            <param index="0">
              <value>
                <![CDATA[firefox]]>
              </value>
            </param>
          </params>
          <reporter-output>
          </reporter-output>
        </test-method> <!-- setUp -->
        <test-method is-config="true" signature="beforeClass()[pri:0, instance:qa.test.TestCase4@248e319b]" started-at="2025-04-10T14:33:03 EDT" name="beforeClass" finished-at="2025-04-10T14:33:03 EDT" duration-ms="664" status="PASS">
          <reporter-output>
          </reporter-output>
        </test-method> <!-- beforeClass -->
        <test-method signature="ShowContactListMethod()[pri:0, instance:qa.test.TestCase4@248e319b]" started-at="2025-04-10T14:33:03 EDT" name="ShowContactListMethod" finished-at="2025-04-10T14:33:18 EDT" duration-ms="14471" status="PASS">
          <reporter-output>
          </reporter-output>
        </test-method> <!-- ShowContactListMethod -->
        <test-method is-config="true" signature="afterMethod(org.testng.ITestResult)[pri:0, instance:qa.test.TestCase4@248e319b]" started-at="2025-04-10T14:33:18 EDT" name="afterMethod" finished-at="2025-04-10T14:33:18 EDT" duration-ms="1" status="PASS">
          <params>
            <param index="0">
              <value>
                <![CDATA[[TestResult name=ShowContactListMethod status=SUCCESS method=TestCase4.ShowContactListMethod()[pri:0, instance:qa.test.TestCase4@248e319b] output={null}]]]>
              </value>
            </param>
          </params>
          <reporter-output>
          </reporter-output>
        </test-method> <!-- afterMethod -->
        <test-method is-config="true" signature="afterMethod(org.testng.ITestResult)[pri:0, instance:qa.test.TestCase4@248e319b]" started-at="2025-04-10T14:33:18 EDT" name="afterMethod" finished-at="2025-04-10T14:33:18 EDT" duration-ms="0" status="PASS">
          <params>
            <param index="0">
              <value>
                <![CDATA[[TestResult name=testExample status=SUCCESS method=baseTest.testExample()[pri:0, instance:qa.test.TestCase4@248e319b] output={null}]]]>
              </value>
            </param>
          </params>
          <reporter-output>
          </reporter-output>
        </test-method> <!-- afterMethod -->
        <test-method is-config="true" signature="afterClass()[pri:0, instance:qa.test.TestCase4@248e319b]" started-at="2025-04-10T14:33:18 EDT" name="afterClass" finished-at="2025-04-10T14:33:18 EDT" duration-ms="0" status="PASS">
          <reporter-output>
          </reporter-output>
        </test-method> <!-- afterClass -->
        <test-method is-config="true" signature="tearDown()[pri:0, instance:qa.test.TestCase4@248e319b]" started-at="2025-04-10T14:33:18 EDT" name="tearDown" finished-at="2025-04-10T14:33:19 EDT" duration-ms="1244" status="PASS">
          <reporter-output>
          </reporter-output>
        </test-method> <!-- tearDown -->
        <test-method signature="testExample()[pri:0, instance:qa.test.TestCase4@248e319b]" started-at="2025-04-10T14:33:18 EDT" name="testExample" finished-at="2025-04-10T14:33:18 EDT" duration-ms="0" status="PASS">
          <reporter-output>
          </reporter-output>
        </test-method> <!-- testExample -->
      </class> <!-- qa.test.TestCase4 -->
      <class name="qa.test.TestCase5">
        <test-method is-config="true" signature="setUp(java.lang.String)[pri:0, instance:qa.test.TestCase5@7ef82753]" started-at="2025-04-10T14:33:57 EDT" name="setUp" finished-at="2025-04-10T14:34:03 EDT" duration-ms="6400" status="PASS">
          <params>
            <param index="0">
              <value>
                <![CDATA[firefox]]>
              </value>
            </param>
          </params>
          <reporter-output>
          </reporter-output>
        </test-method> <!-- setUp -->
        <test-method is-config="true" signature="beforeClass()[pri:0, instance:qa.test.TestCase5@7ef82753]" started-at="2025-04-10T14:34:03 EDT" name="beforeClass" finished-at="2025-04-10T14:34:04 EDT" duration-ms="1347" status="PASS">
          <reporter-output>
          </reporter-output>
        </test-method> <!-- beforeClass -->
        <test-method signature="DeleteConMethod()[pri:0, instance:qa.test.TestCase5@7ef82753]" started-at="2025-04-10T14:34:04 EDT" name="DeleteConMethod" finished-at="2025-04-10T14:34:06 EDT" duration-ms="1226" status="PASS">
          <reporter-output>
          </reporter-output>
        </test-method> <!-- DeleteConMethod -->
        <test-method is-config="true" signature="afterMethod(org.testng.ITestResult)[pri:0, instance:qa.test.TestCase5@7ef82753]" started-at="2025-04-10T14:34:06 EDT" name="afterMethod" finished-at="2025-04-10T14:34:06 EDT" duration-ms="0" status="PASS">
          <params>
            <param index="0">
              <value>
                <![CDATA[[TestResult name=DeleteConMethod status=SUCCESS method=TestCase5.DeleteConMethod()[pri:0, instance:qa.test.TestCase5@7ef82753] output={null}]]]>
              </value>
            </param>
          </params>
          <reporter-output>
          </reporter-output>
        </test-method> <!-- afterMethod -->
        <test-method signature="testExample()[pri:0, instance:qa.test.TestCase5@7ef82753]" started-at="2025-04-10T14:34:06 EDT" name="testExample" finished-at="2025-04-10T14:34:06 EDT" duration-ms="5" status="PASS">
          <reporter-output>
          </reporter-output>
        </test-method> <!-- testExample -->
        <test-method is-config="true" signature="afterMethod(org.testng.ITestResult)[pri:0, instance:qa.test.TestCase5@7ef82753]" started-at="2025-04-10T14:34:06 EDT" name="afterMethod" finished-at="2025-04-10T14:34:06 EDT" duration-ms="1" status="PASS">
          <params>
            <param index="0">
              <value>
                <![CDATA[[TestResult name=testExample status=SUCCESS method=baseTest.testExample()[pri:0, instance:qa.test.TestCase5@7ef82753] output={null}]]]>
              </value>
            </param>
          </params>
          <reporter-output>
          </reporter-output>
        </test-method> <!-- afterMethod -->
        <test-method is-config="true" signature="afterClass()[pri:0, instance:qa.test.TestCase5@7ef82753]" started-at="2025-04-10T14:34:06 EDT" name="afterClass" finished-at="2025-04-10T14:34:06 EDT" duration-ms="0" status="PASS">
          <reporter-output>
          </reporter-output>
        </test-method> <!-- afterClass -->
        <test-method is-config="true" signature="tearDown()[pri:0, instance:qa.test.TestCase5@7ef82753]" started-at="2025-04-10T14:34:06 EDT" name="tearDown" finished-at="2025-04-10T14:34:10 EDT" duration-ms="3947" status="PASS">
          <reporter-output>
          </reporter-output>
        </test-method> <!-- tearDown -->
      </class> <!-- qa.test.TestCase5 -->
      <class name="qa.test.TestCase10">
        <test-method is-config="true" signature="setUp(java.lang.String)[pri:0, instance:qa.test.TestCase10@3b0fe47a]" started-at="2025-04-10T14:34:10 EDT" name="setUp" finished-at="2025-04-10T14:34:17 EDT" duration-ms="7611" status="PASS">
          <params>
            <param index="0">
              <value>
                <![CDATA[firefox]]>
              </value>
            </param>
          </params>
          <reporter-output>
          </reporter-output>
        </test-method> <!-- setUp -->
        <test-method is-config="true" signature="beforeClass()[pri:0, instance:qa.test.TestCase10@3b0fe47a]" started-at="2025-04-10T14:34:17 EDT" name="beforeClass" finished-at="2025-04-10T14:34:18 EDT" duration-ms="1001" status="PASS">
          <reporter-output>
          </reporter-output>
        </test-method> <!-- beforeClass -->
        <test-method signature="logoutMethod()[pri:0, instance:qa.test.TestCase10@3b0fe47a]" started-at="2025-04-10T14:34:18 EDT" name="logoutMethod" finished-at="2025-04-10T14:34:18 EDT" duration-ms="5" status="PASS">
          <reporter-output>
          </reporter-output>
        </test-method> <!-- logoutMethod -->
        <test-method signature="testExample()[pri:0, instance:qa.test.TestCase10@3b0fe47a]" started-at="2025-04-10T14:34:18 EDT" name="testExample" finished-at="2025-04-10T14:34:18 EDT" duration-ms="0" status="PASS">
          <reporter-output>
          </reporter-output>
        </test-method> <!-- testExample -->
        <test-method is-config="true" signature="afterMethod(org.testng.ITestResult)[pri:0, instance:qa.test.TestCase10@3b0fe47a]" started-at="2025-04-10T14:34:18 EDT" name="afterMethod" finished-at="2025-04-10T14:34:18 EDT" duration-ms="0" status="PASS">
          <params>
            <param index="0">
              <value>
                <![CDATA[[TestResult name=logoutMethod status=SUCCESS method=TestCase10.logoutMethod()[pri:0, instance:qa.test.TestCase10@3b0fe47a] output={null}]]]>
              </value>
            </param>
          </params>
          <reporter-output>
          </reporter-output>
        </test-method> <!-- afterMethod -->
        <test-method is-config="true" signature="afterMethod(org.testng.ITestResult)[pri:0, instance:qa.test.TestCase10@3b0fe47a]" started-at="2025-04-10T14:34:18 EDT" name="afterMethod" finished-at="2025-04-10T14:34:18 EDT" duration-ms="1" status="PASS">
          <params>
            <param index="0">
              <value>
                <![CDATA[[TestResult name=testExample status=SUCCESS method=baseTest.testExample()[pri:0, instance:qa.test.TestCase10@3b0fe47a] output={null}]]]>
              </value>
            </param>
          </params>
          <reporter-output>
          </reporter-output>
        </test-method> <!-- afterMethod -->
        <test-method is-config="true" signature="tearDown()[pri:0, instance:qa.test.TestCase10@3b0fe47a]" started-at="2025-04-10T14:34:18 EDT" name="tearDown" finished-at="2025-04-10T14:34:20 EDT" duration-ms="1785" status="PASS">
          <reporter-output>
          </reporter-output>
        </test-method> <!-- tearDown -->
        <test-method is-config="true" signature="afterClass()[pri:0, instance:qa.test.TestCase10@3b0fe47a]" started-at="2025-04-10T14:34:18 EDT" name="afterClass" finished-at="2025-04-10T14:34:18 EDT" duration-ms="0" status="PASS">
          <reporter-output>
          </reporter-output>
        </test-method> <!-- afterClass -->
      </class> <!-- qa.test.TestCase10 -->
      <class name="qa.test.TestCase2">
        <test-method is-config="true" signature="setUp(java.lang.String)[pri:0, instance:qa.test.TestCase2@27406a17]" started-at="2025-04-10T14:32:41 EDT" name="setUp" finished-at="2025-04-10T14:32:46 EDT" duration-ms="5195" status="PASS">
          <params>
            <param index="0">
              <value>
                <![CDATA[firefox]]>
              </value>
            </param>
          </params>
          <reporter-output>
          </reporter-output>
        </test-method> <!-- setUp -->
        <test-method is-config="true" signature="beforeClass()[pri:0, instance:qa.test.TestCase2@27406a17]" started-at="2025-04-10T14:32:46 EDT" name="beforeClass" finished-at="2025-04-10T14:32:47 EDT" duration-ms="1616" status="PASS">
          <reporter-output>
          </reporter-output>
        </test-method> <!-- beforeClass -->
        <test-method signature="InsertingContactDetail()[pri:0, instance:qa.test.TestCase2@27406a17]" started-at="2025-04-10T14:32:47 EDT" name="InsertingContactDetail" finished-at="2025-04-10T14:32:49 EDT" duration-ms="1363" status="PASS">
          <reporter-output>
          </reporter-output>
        </test-method> <!-- InsertingContactDetail -->
        <test-method is-config="true" signature="afterMethod(org.testng.ITestResult)[pri:0, instance:qa.test.TestCase2@27406a17]" started-at="2025-04-10T14:32:49 EDT" name="afterMethod" finished-at="2025-04-10T14:32:49 EDT" duration-ms="0" status="PASS">
          <params>
            <param index="0">
              <value>
                <![CDATA[[TestResult name=InsertingContactDetail status=SUCCESS method=TestCase2.InsertingContactDetail()[pri:0, instance:qa.test.TestCase2@27406a17] output={null}]]]>
              </value>
            </param>
          </params>
          <reporter-output>
          </reporter-output>
        </test-method> <!-- afterMethod -->
        <test-method signature="testExample()[pri:0, instance:qa.test.TestCase2@27406a17]" started-at="2025-04-10T14:32:49 EDT" name="testExample" finished-at="2025-04-10T14:32:49 EDT" duration-ms="4" status="PASS">
          <reporter-output>
          </reporter-output>
        </test-method> <!-- testExample -->
        <test-method is-config="true" signature="afterMethod(org.testng.ITestResult)[pri:0, instance:qa.test.TestCase2@27406a17]" started-at="2025-04-10T14:32:49 EDT" name="afterMethod" finished-at="2025-04-10T14:32:49 EDT" duration-ms="0" status="PASS">
          <params>
            <param index="0">
              <value>
                <![CDATA[[TestResult name=testExample status=SUCCESS method=baseTest.testExample()[pri:0, instance:qa.test.TestCase2@27406a17] output={null}]]]>
              </value>
            </param>
          </params>
          <reporter-output>
          </reporter-output>
        </test-method> <!-- afterMethod -->
        <test-method is-config="true" signature="afterClass()[pri:0, instance:qa.test.TestCase2@27406a17]" started-at="2025-04-10T14:32:49 EDT" name="afterClass" finished-at="2025-04-10T14:32:49 EDT" duration-ms="0" status="PASS">
          <reporter-output>
          </reporter-output>
        </test-method> <!-- afterClass -->
        <test-method is-config="true" signature="tearDown()[pri:0, instance:qa.test.TestCase2@27406a17]" started-at="2025-04-10T14:32:49 EDT" name="tearDown" finished-at="2025-04-10T14:32:50 EDT" duration-ms="1446" status="PASS">
          <reporter-output>
          </reporter-output>
        </test-method> <!-- tearDown -->
      </class> <!-- qa.test.TestCase2 -->
      <class name="qa.test.TestCase3">
        <test-method is-config="true" signature="setUp(java.lang.String)[pri:0, instance:qa.test.TestCase3@2af004b]" started-at="2025-04-10T14:32:50 EDT" name="setUp" finished-at="2025-04-10T14:32:55 EDT" duration-ms="4782" status="PASS">
          <params>
            <param index="0">
              <value>
                <![CDATA[firefox]]>
              </value>
            </param>
          </params>
          <reporter-output>
          </reporter-output>
        </test-method> <!-- setUp -->
        <test-method is-config="true" signature="beforeClass()[pri:0, instance:qa.test.TestCase3@2af004b]" started-at="2025-04-10T14:32:55 EDT" name="beforeClass" finished-at="2025-04-10T14:32:55 EDT" duration-ms="30" status="PASS">
          <reporter-output>
          </reporter-output>
        </test-method> <!-- beforeClass -->
        <test-method signature="SignupMethod()[pri:0, instance:qa.test.TestCase3@2af004b]" started-at="2025-04-10T14:32:55 EDT" name="SignupMethod" finished-at="2025-04-10T14:32:57 EDT" duration-ms="1635" status="PASS">
          <reporter-output>
          </reporter-output>
        </test-method> <!-- SignupMethod -->
        <test-method is-config="true" signature="afterMethod(org.testng.ITestResult)[pri:0, instance:qa.test.TestCase3@2af004b]" started-at="2025-04-10T14:32:57 EDT" name="afterMethod" finished-at="2025-04-10T14:32:57 EDT" duration-ms="2" status="PASS">
          <params>
            <param index="0">
              <value>
                <![CDATA[[TestResult name=SignupMethod status=SUCCESS method=TestCase3.SignupMethod()[pri:0, instance:qa.test.TestCase3@2af004b] output={null}]]]>
              </value>
            </param>
          </params>
          <reporter-output>
          </reporter-output>
        </test-method> <!-- afterMethod -->
        <test-method signature="testExample()[pri:0, instance:qa.test.TestCase3@2af004b]" started-at="2025-04-10T14:32:57 EDT" name="testExample" finished-at="2025-04-10T14:32:57 EDT" duration-ms="0" status="PASS">
          <reporter-output>
          </reporter-output>
        </test-method> <!-- testExample -->
        <test-method is-config="true" signature="afterMethod(org.testng.ITestResult)[pri:0, instance:qa.test.TestCase3@2af004b]" started-at="2025-04-10T14:32:57 EDT" name="afterMethod" finished-at="2025-04-10T14:32:57 EDT" duration-ms="0" status="PASS">
          <params>
            <param index="0">
              <value>
                <![CDATA[[TestResult name=testExample status=SUCCESS method=baseTest.testExample()[pri:0, instance:qa.test.TestCase3@2af004b] output={null}]]]>
              </value>
            </param>
          </params>
          <reporter-output>
          </reporter-output>
        </test-method> <!-- afterMethod -->
        <test-method is-config="true" signature="afterClass()[pri:0, instance:qa.test.TestCase3@2af004b]" started-at="2025-04-10T14:32:57 EDT" name="afterClass" finished-at="2025-04-10T14:32:57 EDT" duration-ms="0" status="PASS">
          <reporter-output>
          </reporter-output>
        </test-method> <!-- afterClass -->
        <test-method is-config="true" signature="tearDown()[pri:0, instance:qa.test.TestCase3@2af004b]" started-at="2025-04-10T14:32:57 EDT" name="tearDown" finished-at="2025-04-10T14:32:58 EDT" duration-ms="1407" status="PASS">
          <reporter-output>
          </reporter-output>
        </test-method> <!-- tearDown -->
      </class> <!-- qa.test.TestCase3 -->
      <class name="qa.test.TestCase1">
        <test-method is-config="true" signature="setUp(java.lang.String)[pri:0, instance:qa.test.TestCase1@470734c3]" started-at="2025-04-10T14:31:59 EDT" name="setUp" finished-at="2025-04-10T14:32:38 EDT" duration-ms="39103" status="PASS">
          <params>
            <param index="0">
              <value>
                <![CDATA[firefox]]>
              </value>
            </param>
          </params>
          <reporter-output>
          </reporter-output>
        </test-method> <!-- setUp -->
        <test-method is-config="true" signature="beforeClass()[pri:0, instance:qa.test.TestCase1@470734c3]" started-at="2025-04-10T14:32:38 EDT" name="beforeClass" finished-at="2025-04-10T14:32:38 EDT" duration-ms="131" status="PASS">
          <reporter-output>
          </reporter-output>
        </test-method> <!-- beforeClass -->
        <test-method signature="EnteringCredentailMethod()[pri:0, instance:qa.test.TestCase1@470734c3]" started-at="2025-04-10T14:32:38 EDT" name="EnteringCredentailMethod" finished-at="2025-04-10T14:32:39 EDT" duration-ms="818" status="PASS">
          <reporter-output>
          </reporter-output>
        </test-method> <!-- EnteringCredentailMethod -->
        <test-method is-config="true" signature="afterMethod(org.testng.ITestResult)[pri:0, instance:qa.test.TestCase1@470734c3]" started-at="2025-04-10T14:32:39 EDT" name="afterMethod" finished-at="2025-04-10T14:32:39 EDT" duration-ms="2" status="PASS">
          <params>
            <param index="0">
              <value>
                <![CDATA[[TestResult name=EnteringCredentailMethod status=SUCCESS method=TestCase1.EnteringCredentailMethod()[pri:0, instance:qa.test.TestCase1@470734c3] output={null}]]]>
              </value>
            </param>
          </params>
          <reporter-output>
          </reporter-output>
        </test-method> <!-- afterMethod -->
        <test-method signature="testExample()[pri:0, instance:qa.test.TestCase1@470734c3]" started-at="2025-04-10T14:32:39 EDT" name="testExample" finished-at="2025-04-10T14:32:39 EDT" duration-ms="5" status="PASS">
          <reporter-output>
          </reporter-output>
        </test-method> <!-- testExample -->
        <test-method is-config="true" signature="afterMethod(org.testng.ITestResult)[pri:0, instance:qa.test.TestCase1@470734c3]" started-at="2025-04-10T14:32:39 EDT" name="afterMethod" finished-at="2025-04-10T14:32:39 EDT" duration-ms="1" status="PASS">
          <params>
            <param index="0">
              <value>
                <![CDATA[[TestResult name=testExample status=SUCCESS method=baseTest.testExample()[pri:0, instance:qa.test.TestCase1@470734c3] output={null}]]]>
              </value>
            </param>
          </params>
          <reporter-output>
          </reporter-output>
        </test-method> <!-- afterMethod -->
        <test-method is-config="true" signature="afterClass()[pri:0, instance:qa.test.TestCase1@470734c3]" started-at="2025-04-10T14:32:39 EDT" name="afterClass" finished-at="2025-04-10T14:32:39 EDT" duration-ms="1" status="PASS">
          <reporter-output>
          </reporter-output>
        </test-method> <!-- afterClass -->
        <test-method is-config="true" signature="tearDown()[pri:0, instance:qa.test.TestCase1@470734c3]" started-at="2025-04-10T14:32:39 EDT" name="tearDown" finished-at="2025-04-10T14:32:41 EDT" duration-ms="1634" status="PASS">
          <reporter-output>
          </reporter-output>
        </test-method> <!-- tearDown -->
      </class> <!-- qa.test.TestCase1 -->
      <class name="qa.test.TestCase8">
        <test-method is-config="true" signature="setUp(java.lang.String)[pri:0, instance:qa.test.TestCase8@793f29ff]" started-at="2025-04-10T14:33:19 EDT" name="setUp" finished-at="2025-04-10T14:33:24 EDT" duration-ms="4856" status="PASS">
          <params>
            <param index="0">
              <value>
                <![CDATA[firefox]]>
              </value>
            </param>
          </params>
          <reporter-output>
          </reporter-output>
        </test-method> <!-- setUp -->
        <test-method is-config="true" signature="beforeClass()[pri:0, instance:qa.test.TestCase8@793f29ff]" started-at="2025-04-10T14:33:24 EDT" name="beforeClass" finished-at="2025-04-10T14:33:25 EDT" duration-ms="819" status="PASS">
          <reporter-output>
          </reporter-output>
        </test-method> <!-- beforeClass -->
        <test-method signature="returnConlistMethod()[pri:0, instance:qa.test.TestCase8@793f29ff]" started-at="2025-04-10T14:33:25 EDT" name="returnConlistMethod" finished-at="2025-04-10T14:33:36 EDT" duration-ms="11109" status="PASS">
          <reporter-output>
          </reporter-output>
        </test-method> <!-- returnConlistMethod -->
        <test-method signature="testExample()[pri:0, instance:qa.test.TestCase8@793f29ff]" started-at="2025-04-10T14:33:36 EDT" name="testExample" finished-at="2025-04-10T14:33:36 EDT" duration-ms="5" status="PASS">
          <reporter-output>
          </reporter-output>
        </test-method> <!-- testExample -->
        <test-method is-config="true" signature="afterMethod(org.testng.ITestResult)[pri:0, instance:qa.test.TestCase8@793f29ff]" started-at="2025-04-10T14:33:36 EDT" name="afterMethod" finished-at="2025-04-10T14:33:36 EDT" duration-ms="0" status="PASS">
          <params>
            <param index="0">
              <value>
                <![CDATA[[TestResult name=returnConlistMethod status=SUCCESS method=TestCase8.returnConlistMethod()[pri:0, instance:qa.test.TestCase8@793f29ff] output={null}]]]>
              </value>
            </param>
          </params>
          <reporter-output>
          </reporter-output>
        </test-method> <!-- afterMethod -->
        <test-method is-config="true" signature="tearDown()[pri:0, instance:qa.test.TestCase8@793f29ff]" started-at="2025-04-10T14:33:36 EDT" name="tearDown" finished-at="2025-04-10T14:33:38 EDT" duration-ms="1903" status="PASS">
          <reporter-output>
          </reporter-output>
        </test-method> <!-- tearDown -->
        <test-method is-config="true" signature="afterClass()[pri:0, instance:qa.test.TestCase8@793f29ff]" started-at="2025-04-10T14:33:36 EDT" name="afterClass" finished-at="2025-04-10T14:33:36 EDT" duration-ms="0" status="PASS">
          <reporter-output>
          </reporter-output>
        </test-method> <!-- afterClass -->
        <test-method is-config="true" signature="afterMethod(org.testng.ITestResult)[pri:0, instance:qa.test.TestCase8@793f29ff]" started-at="2025-04-10T14:33:36 EDT" name="afterMethod" finished-at="2025-04-10T14:33:36 EDT" duration-ms="0" status="PASS">
          <params>
            <param index="0">
              <value>
                <![CDATA[[TestResult name=testExample status=SUCCESS method=baseTest.testExample()[pri:0, instance:qa.test.TestCase8@793f29ff] output={null}]]]>
              </value>
            </param>
          </params>
          <reporter-output>
          </reporter-output>
        </test-method> <!-- afterMethod -->
      </class> <!-- qa.test.TestCase8 -->
    </test> <!-- Test -->
  </suite> <!-- Suite -->
</testng-results>
