<?xml version="1.0" encoding="UTF-8"?>
<testng-results ignored="0" total="18" passed="18" failed="0" skipped="0">
  <reporter-output>
  </reporter-output>
  <suite started-at="2025-03-11T16:32:08 EDT" name="Suite" finished-at="2025-03-11T16:34:08 EDT" duration-ms="119777">
    <groups>
    </groups>
    <test started-at="2025-03-11T16:32:08 EDT" name="Test" finished-at="2025-03-11T16:34:08 EDT" duration-ms="119777">
      <class name="qa.test.TestCase6">
        <test-method is-config="true" signature="setUp(java.lang.String)[pri:0, instance:qa.test.TestCase6@793f29ff]" started-at="2025-03-11T16:33:38 EDT" name="setUp" finished-at="2025-03-11T16:33:43 EDT" duration-ms="4785" status="PASS">
          <params>
            <param index="0">
              <value>
                <![CDATA[firefox]]>
              </value>
            </param>
          </params>
          <reporter-output>
          </reporter-output>
        </test-method> <!-- setUp -->
        <test-method is-config="true" signature="beforeClass()[pri:0, instance:qa.test.TestCase6@793f29ff]" started-at="2025-03-11T16:33:43 EDT" name="beforeClass" finished-at="2025-03-11T16:33:44 EDT" duration-ms="789" status="PASS">
          <reporter-output>
          </reporter-output>
        </test-method> <!-- beforeClass -->
        <test-method signature="EditContactMethod()[pri:0, instance:qa.test.TestCase6@793f29ff]" started-at="2025-03-11T16:33:44 EDT" name="EditContactMethod" finished-at="2025-03-11T16:33:44 EDT" duration-ms="638" status="PASS">
          <reporter-output>
          </reporter-output>
        </test-method> <!-- EditContactMethod -->
        <test-method is-config="true" signature="afterMethod(org.testng.ITestResult)[pri:0, instance:qa.test.TestCase6@793f29ff]" started-at="2025-03-11T16:33:44 EDT" name="afterMethod" finished-at="2025-03-11T16:33:44 EDT" duration-ms="0" status="PASS">
          <params>
            <param index="0">
              <value>
                <![CDATA[[TestResult name=EditContactMethod status=SUCCESS method=TestCase6.EditContactMethod()[pri:0, instance:qa.test.TestCase6@793f29ff] output={null}]]]>
              </value>
            </param>
          </params>
          <reporter-output>
          </reporter-output>
        </test-method> <!-- afterMethod -->
        <test-method signature="testExample()[pri:0, instance:qa.test.TestCase6@793f29ff]" started-at="2025-03-11T16:33:44 EDT" name="testExample" finished-at="2025-03-11T16:33:44 EDT" duration-ms="1" status="PASS">
          <reporter-output>
          </reporter-output>
        </test-method> <!-- testExample -->
        <test-method is-config="true" signature="afterMethod(org.testng.ITestResult)[pri:0, instance:qa.test.TestCase6@793f29ff]" started-at="2025-03-11T16:33:44 EDT" name="afterMethod" finished-at="2025-03-11T16:33:44 EDT" duration-ms="0" status="PASS">
          <params>
            <param index="0">
              <value>
                <![CDATA[[TestResult name=testExample status=SUCCESS method=baseTest.testExample()[pri:0, instance:qa.test.TestCase6@793f29ff] output={null}]]]>
              </value>
            </param>
          </params>
          <reporter-output>
          </reporter-output>
        </test-method> <!-- afterMethod -->
        <test-method is-config="true" signature="tearDown()[pri:0, instance:qa.test.TestCase6@793f29ff]" started-at="2025-03-11T16:33:44 EDT" name="tearDown" finished-at="2025-03-11T16:33:46 EDT" duration-ms="1377" status="PASS">
          <reporter-output>
          </reporter-output>
        </test-method> <!-- tearDown -->
        <test-method is-config="true" signature="afterClass()[pri:0, instance:qa.test.TestCase6@793f29ff]" started-at="2025-03-11T16:33:44 EDT" name="afterClass" finished-at="2025-03-11T16:33:44 EDT" duration-ms="0" status="PASS">
          <reporter-output>
          </reporter-output>
        </test-method> <!-- afterClass -->
      </class> <!-- qa.test.TestCase6 -->
      <class name="qa.test.TestCase7">
        <test-method is-config="true" signature="setUp(java.lang.String)[pri:0, instance:qa.test.TestCase7@563f38c4]" started-at="2025-03-11T16:33:46 EDT" name="setUp" finished-at="2025-03-11T16:33:50 EDT" duration-ms="4653" status="PASS">
          <params>
            <param index="0">
              <value>
                <![CDATA[firefox]]>
              </value>
            </param>
          </params>
          <reporter-output>
          </reporter-output>
        </test-method> <!-- setUp -->
        <test-method is-config="true" signature="beforeClass()[pri:0, instance:qa.test.TestCase7@563f38c4]" started-at="2025-03-11T16:33:50 EDT" name="beforeClass" finished-at="2025-03-11T16:33:50 EDT" duration-ms="35" status="PASS">
          <reporter-output>
          </reporter-output>
        </test-method> <!-- beforeClass -->
        <test-method signature="invalidloginMethod()[pri:0, instance:qa.test.TestCase7@563f38c4]" started-at="2025-03-11T16:33:50 EDT" name="invalidloginMethod" finished-at="2025-03-11T16:33:51 EDT" duration-ms="683" status="PASS">
          <reporter-output>
          </reporter-output>
        </test-method> <!-- invalidloginMethod -->
        <test-method is-config="true" signature="afterMethod(org.testng.ITestResult)[pri:0, instance:qa.test.TestCase7@563f38c4]" started-at="2025-03-11T16:33:51 EDT" name="afterMethod" finished-at="2025-03-11T16:33:51 EDT" duration-ms="1" status="PASS">
          <params>
            <param index="0">
              <value>
                <![CDATA[[TestResult name=invalidloginMethod status=SUCCESS method=TestCase7.invalidloginMethod()[pri:0, instance:qa.test.TestCase7@563f38c4] output={null}]]]>
              </value>
            </param>
          </params>
          <reporter-output>
          </reporter-output>
        </test-method> <!-- afterMethod -->
        <test-method signature="testExample()[pri:0, instance:qa.test.TestCase7@563f38c4]" started-at="2025-03-11T16:33:51 EDT" name="testExample" finished-at="2025-03-11T16:33:51 EDT" duration-ms="2" status="PASS">
          <reporter-output>
          </reporter-output>
        </test-method> <!-- testExample -->
        <test-method is-config="true" signature="afterMethod(org.testng.ITestResult)[pri:0, instance:qa.test.TestCase7@563f38c4]" started-at="2025-03-11T16:33:51 EDT" name="afterMethod" finished-at="2025-03-11T16:33:51 EDT" duration-ms="1" status="PASS">
          <params>
            <param index="0">
              <value>
                <![CDATA[[TestResult name=testExample status=SUCCESS method=baseTest.testExample()[pri:0, instance:qa.test.TestCase7@563f38c4] output={null}]]]>
              </value>
            </param>
          </params>
          <reporter-output>
          </reporter-output>
        </test-method> <!-- afterMethod -->
        <test-method is-config="true" signature="afterClass()[pri:0, instance:qa.test.TestCase7@563f38c4]" started-at="2025-03-11T16:33:51 EDT" name="afterClass" finished-at="2025-03-11T16:33:51 EDT" duration-ms="1" status="PASS">
          <reporter-output>
          </reporter-output>
        </test-method> <!-- afterClass -->
        <test-method is-config="true" signature="tearDown()[pri:0, instance:qa.test.TestCase7@563f38c4]" started-at="2025-03-11T16:33:51 EDT" name="tearDown" finished-at="2025-03-11T16:33:52 EDT" duration-ms="1389" status="PASS">
          <reporter-output>
          </reporter-output>
        </test-method> <!-- tearDown -->
      </class> <!-- qa.test.TestCase7 -->
      <class name="qa.test.TestCase4">
        <test-method is-config="true" signature="setUp(java.lang.String)[pri:0, instance:qa.test.TestCase4@76b1e9b8]" started-at="2025-03-11T16:32:58 EDT" name="setUp" finished-at="2025-03-11T16:33:03 EDT" duration-ms="5200" status="PASS">
          <params>
            <param index="0">
              <value>
                <![CDATA[firefox]]>
              </value>
            </param>
          </params>
          <reporter-output>
          </reporter-output>
        </test-method> <!-- setUp -->
        <test-method is-config="true" signature="beforeClass()[pri:0, instance:qa.test.TestCase4@76b1e9b8]" started-at="2025-03-11T16:33:03 EDT" name="beforeClass" finished-at="2025-03-11T16:33:04 EDT" duration-ms="686" status="PASS">
          <reporter-output>
          </reporter-output>
        </test-method> <!-- beforeClass -->
        <test-method signature="ShowContactListMethod()[pri:0, instance:qa.test.TestCase4@76b1e9b8]" started-at="2025-03-11T16:33:04 EDT" name="ShowContactListMethod" finished-at="2025-03-11T16:33:18 EDT" duration-ms="13609" status="PASS">
          <reporter-output>
          </reporter-output>
        </test-method> <!-- ShowContactListMethod -->
        <test-method is-config="true" signature="afterMethod(org.testng.ITestResult)[pri:0, instance:qa.test.TestCase4@76b1e9b8]" started-at="2025-03-11T16:33:18 EDT" name="afterMethod" finished-at="2025-03-11T16:33:18 EDT" duration-ms="1" status="PASS">
          <params>
            <param index="0">
              <value>
                <![CDATA[[TestResult name=ShowContactListMethod status=SUCCESS method=TestCase4.ShowContactListMethod()[pri:0, instance:qa.test.TestCase4@76b1e9b8] output={null}]]]>
              </value>
            </param>
          </params>
          <reporter-output>
          </reporter-output>
        </test-method> <!-- afterMethod -->
        <test-method signature="testExample()[pri:0, instance:qa.test.TestCase4@76b1e9b8]" started-at="2025-03-11T16:33:18 EDT" name="testExample" finished-at="2025-03-11T16:33:18 EDT" duration-ms="2" status="PASS">
          <reporter-output>
          </reporter-output>
        </test-method> <!-- testExample -->
        <test-method is-config="true" signature="afterMethod(org.testng.ITestResult)[pri:0, instance:qa.test.TestCase4@76b1e9b8]" started-at="2025-03-11T16:33:18 EDT" name="afterMethod" finished-at="2025-03-11T16:33:18 EDT" duration-ms="0" status="PASS">
          <params>
            <param index="0">
              <value>
                <![CDATA[[TestResult name=testExample status=SUCCESS method=baseTest.testExample()[pri:0, instance:qa.test.TestCase4@76b1e9b8] output={null}]]]>
              </value>
            </param>
          </params>
          <reporter-output>
          </reporter-output>
        </test-method> <!-- afterMethod -->
        <test-method is-config="true" signature="afterClass()[pri:0, instance:qa.test.TestCase4@76b1e9b8]" started-at="2025-03-11T16:33:18 EDT" name="afterClass" finished-at="2025-03-11T16:33:18 EDT" duration-ms="0" status="PASS">
          <reporter-output>
          </reporter-output>
        </test-method> <!-- afterClass -->
        <test-method is-config="true" signature="tearDown()[pri:0, instance:qa.test.TestCase4@76b1e9b8]" started-at="2025-03-11T16:33:18 EDT" name="tearDown" finished-at="2025-03-11T16:33:19 EDT" duration-ms="1397" status="PASS">
          <reporter-output>
          </reporter-output>
        </test-method> <!-- tearDown -->
      </class> <!-- qa.test.TestCase4 -->
      <class name="qa.test.TestCase5">
        <test-method is-config="true" signature="setUp(java.lang.String)[pri:0, instance:qa.test.TestCase5@54422e18]" started-at="2025-03-11T16:33:52 EDT" name="setUp" finished-at="2025-03-11T16:33:57 EDT" duration-ms="4725" status="PASS">
          <params>
            <param index="0">
              <value>
                <![CDATA[firefox]]>
              </value>
            </param>
          </params>
          <reporter-output>
          </reporter-output>
        </test-method> <!-- setUp -->
        <test-method is-config="true" signature="beforeClass()[pri:0, instance:qa.test.TestCase5@54422e18]" started-at="2025-03-11T16:33:57 EDT" name="beforeClass" finished-at="2025-03-11T16:33:58 EDT" duration-ms="749" status="PASS">
          <reporter-output>
          </reporter-output>
        </test-method> <!-- beforeClass -->
        <test-method signature="DeleteConMethod()[pri:0, instance:qa.test.TestCase5@54422e18]" started-at="2025-03-11T16:33:58 EDT" name="DeleteConMethod" finished-at="2025-03-11T16:33:59 EDT" duration-ms="1101" status="PASS">
          <reporter-output>
          </reporter-output>
        </test-method> <!-- DeleteConMethod -->
        <test-method is-config="true" signature="afterMethod(org.testng.ITestResult)[pri:0, instance:qa.test.TestCase5@54422e18]" started-at="2025-03-11T16:33:59 EDT" name="afterMethod" finished-at="2025-03-11T16:33:59 EDT" duration-ms="1" status="PASS">
          <params>
            <param index="0">
              <value>
                <![CDATA[[TestResult name=DeleteConMethod status=SUCCESS method=TestCase5.DeleteConMethod()[pri:0, instance:qa.test.TestCase5@54422e18] output={null}]]]>
              </value>
            </param>
          </params>
          <reporter-output>
          </reporter-output>
        </test-method> <!-- afterMethod -->
        <test-method signature="testExample()[pri:0, instance:qa.test.TestCase5@54422e18]" started-at="2025-03-11T16:33:59 EDT" name="testExample" finished-at="2025-03-11T16:33:59 EDT" duration-ms="3" status="PASS">
          <reporter-output>
          </reporter-output>
        </test-method> <!-- testExample -->
        <test-method is-config="true" signature="afterMethod(org.testng.ITestResult)[pri:0, instance:qa.test.TestCase5@54422e18]" started-at="2025-03-11T16:33:59 EDT" name="afterMethod" finished-at="2025-03-11T16:33:59 EDT" duration-ms="1" status="PASS">
          <params>
            <param index="0">
              <value>
                <![CDATA[[TestResult name=testExample status=SUCCESS method=baseTest.testExample()[pri:0, instance:qa.test.TestCase5@54422e18] output={null}]]]>
              </value>
            </param>
          </params>
          <reporter-output>
          </reporter-output>
        </test-method> <!-- afterMethod -->
        <test-method is-config="true" signature="afterClass()[pri:0, instance:qa.test.TestCase5@54422e18]" started-at="2025-03-11T16:33:59 EDT" name="afterClass" finished-at="2025-03-11T16:33:59 EDT" duration-ms="1" status="PASS">
          <reporter-output>
          </reporter-output>
        </test-method> <!-- afterClass -->
        <test-method is-config="true" signature="tearDown()[pri:0, instance:qa.test.TestCase5@54422e18]" started-at="2025-03-11T16:33:59 EDT" name="tearDown" finished-at="2025-03-11T16:34:00 EDT" duration-ms="1534" status="PASS">
          <reporter-output>
          </reporter-output>
        </test-method> <!-- tearDown -->
      </class> <!-- qa.test.TestCase5 -->
      <class name="qa.test.TestCase2">
        <test-method is-config="true" signature="setUp(java.lang.String)[pri:0, instance:qa.test.TestCase2@74ea2410]" started-at="2025-03-11T16:32:42 EDT" name="setUp" finished-at="2025-03-11T16:32:47 EDT" duration-ms="5011" status="PASS">
          <params>
            <param index="0">
              <value>
                <![CDATA[firefox]]>
              </value>
            </param>
          </params>
          <reporter-output>
          </reporter-output>
        </test-method> <!-- setUp -->
        <test-method is-config="true" signature="beforeClass()[pri:0, instance:qa.test.TestCase2@74ea2410]" started-at="2025-03-11T16:32:47 EDT" name="beforeClass" finished-at="2025-03-11T16:32:48 EDT" duration-ms="1394" status="PASS">
          <reporter-output>
          </reporter-output>
        </test-method> <!-- beforeClass -->
        <test-method signature="InsertingContactDetail()[pri:0, instance:qa.test.TestCase2@74ea2410]" started-at="2025-03-11T16:32:48 EDT" name="InsertingContactDetail" finished-at="2025-03-11T16:32:49 EDT" duration-ms="983" status="PASS">
          <reporter-output>
          </reporter-output>
        </test-method> <!-- InsertingContactDetail -->
        <test-method is-config="true" signature="afterMethod(org.testng.ITestResult)[pri:0, instance:qa.test.TestCase2@74ea2410]" started-at="2025-03-11T16:32:49 EDT" name="afterMethod" finished-at="2025-03-11T16:32:49 EDT" duration-ms="0" status="PASS">
          <params>
            <param index="0">
              <value>
                <![CDATA[[TestResult name=InsertingContactDetail status=SUCCESS method=TestCase2.InsertingContactDetail()[pri:0, instance:qa.test.TestCase2@74ea2410] output={null}]]]>
              </value>
            </param>
          </params>
          <reporter-output>
          </reporter-output>
        </test-method> <!-- afterMethod -->
        <test-method signature="testExample()[pri:0, instance:qa.test.TestCase2@74ea2410]" started-at="2025-03-11T16:32:49 EDT" name="testExample" finished-at="2025-03-11T16:32:49 EDT" duration-ms="2" status="PASS">
          <reporter-output>
          </reporter-output>
        </test-method> <!-- testExample -->
        <test-method is-config="true" signature="afterMethod(org.testng.ITestResult)[pri:0, instance:qa.test.TestCase2@74ea2410]" started-at="2025-03-11T16:32:49 EDT" name="afterMethod" finished-at="2025-03-11T16:32:49 EDT" duration-ms="1" status="PASS">
          <params>
            <param index="0">
              <value>
                <![CDATA[[TestResult name=testExample status=SUCCESS method=baseTest.testExample()[pri:0, instance:qa.test.TestCase2@74ea2410] output={null}]]]>
              </value>
            </param>
          </params>
          <reporter-output>
          </reporter-output>
        </test-method> <!-- afterMethod -->
        <test-method is-config="true" signature="afterClass()[pri:0, instance:qa.test.TestCase2@74ea2410]" started-at="2025-03-11T16:32:49 EDT" name="afterClass" finished-at="2025-03-11T16:32:49 EDT" duration-ms="1" status="PASS">
          <reporter-output>
          </reporter-output>
        </test-method> <!-- afterClass -->
        <test-method is-config="true" signature="tearDown()[pri:0, instance:qa.test.TestCase2@74ea2410]" started-at="2025-03-11T16:32:49 EDT" name="tearDown" finished-at="2025-03-11T16:32:51 EDT" duration-ms="1452" status="PASS">
          <reporter-output>
          </reporter-output>
        </test-method> <!-- tearDown -->
      </class> <!-- qa.test.TestCase2 -->
      <class name="qa.test.TestCase10">
        <test-method is-config="true" signature="setUp(java.lang.String)[pri:0, instance:qa.test.TestCase10@117159c0]" started-at="2025-03-11T16:34:00 EDT" name="setUp" finished-at="2025-03-11T16:34:06 EDT" duration-ms="5249" status="PASS">
          <params>
            <param index="0">
              <value>
                <![CDATA[firefox]]>
              </value>
            </param>
          </params>
          <reporter-output>
          </reporter-output>
        </test-method> <!-- setUp -->
        <test-method is-config="true" signature="beforeClass()[pri:0, instance:qa.test.TestCase10@117159c0]" started-at="2025-03-11T16:34:06 EDT" name="beforeClass" finished-at="2025-03-11T16:34:07 EDT" duration-ms="795" status="PASS">
          <reporter-output>
          </reporter-output>
        </test-method> <!-- beforeClass -->
        <test-method signature="logoutMethod()[pri:0, instance:qa.test.TestCase10@117159c0]" started-at="2025-03-11T16:34:07 EDT" name="logoutMethod" finished-at="2025-03-11T16:34:07 EDT" duration-ms="3" status="PASS">
          <reporter-output>
          </reporter-output>
        </test-method> <!-- logoutMethod -->
        <test-method is-config="true" signature="afterMethod(org.testng.ITestResult)[pri:0, instance:qa.test.TestCase10@117159c0]" started-at="2025-03-11T16:34:07 EDT" name="afterMethod" finished-at="2025-03-11T16:34:07 EDT" duration-ms="1" status="PASS">
          <params>
            <param index="0">
              <value>
                <![CDATA[[TestResult name=logoutMethod status=SUCCESS method=TestCase10.logoutMethod()[pri:0, instance:qa.test.TestCase10@117159c0] output={null}]]]>
              </value>
            </param>
          </params>
          <reporter-output>
          </reporter-output>
        </test-method> <!-- afterMethod -->
        <test-method signature="testExample()[pri:0, instance:qa.test.TestCase10@117159c0]" started-at="2025-03-11T16:34:07 EDT" name="testExample" finished-at="2025-03-11T16:34:07 EDT" duration-ms="2" status="PASS">
          <reporter-output>
          </reporter-output>
        </test-method> <!-- testExample -->
        <test-method is-config="true" signature="afterMethod(org.testng.ITestResult)[pri:0, instance:qa.test.TestCase10@117159c0]" started-at="2025-03-11T16:34:07 EDT" name="afterMethod" finished-at="2025-03-11T16:34:07 EDT" duration-ms="1" status="PASS">
          <params>
            <param index="0">
              <value>
                <![CDATA[[TestResult name=testExample status=SUCCESS method=baseTest.testExample()[pri:0, instance:qa.test.TestCase10@117159c0] output={null}]]]>
              </value>
            </param>
          </params>
          <reporter-output>
          </reporter-output>
        </test-method> <!-- afterMethod -->
        <test-method is-config="true" signature="afterClass()[pri:0, instance:qa.test.TestCase10@117159c0]" started-at="2025-03-11T16:34:07 EDT" name="afterClass" finished-at="2025-03-11T16:34:07 EDT" duration-ms="2" status="PASS">
          <reporter-output>
          </reporter-output>
        </test-method> <!-- afterClass -->
        <test-method is-config="true" signature="tearDown()[pri:0, instance:qa.test.TestCase10@117159c0]" started-at="2025-03-11T16:34:07 EDT" name="tearDown" finished-at="2025-03-11T16:34:08 EDT" duration-ms="1513" status="PASS">
          <reporter-output>
          </reporter-output>
        </test-method> <!-- tearDown -->
      </class> <!-- qa.test.TestCase10 -->
      <class name="qa.test.TestCase3">
        <test-method is-config="true" signature="setUp(java.lang.String)[pri:0, instance:qa.test.TestCase3@17f62e33]" started-at="2025-03-11T16:32:51 EDT" name="setUp" finished-at="2025-03-11T16:32:55 EDT" duration-ms="4604" status="PASS">
          <params>
            <param index="0">
              <value>
                <![CDATA[firefox]]>
              </value>
            </param>
          </params>
          <reporter-output>
          </reporter-output>
        </test-method> <!-- setUp -->
        <test-method is-config="true" signature="beforeClass()[pri:0, instance:qa.test.TestCase3@17f62e33]" started-at="2025-03-11T16:32:55 EDT" name="beforeClass" finished-at="2025-03-11T16:32:55 EDT" duration-ms="37" status="PASS">
          <reporter-output>
          </reporter-output>
        </test-method> <!-- beforeClass -->
        <test-method signature="SignupMethod()[pri:0, instance:qa.test.TestCase3@17f62e33]" started-at="2025-03-11T16:32:55 EDT" name="SignupMethod" finished-at="2025-03-11T16:32:57 EDT" duration-ms="1372" status="PASS">
          <reporter-output>
          </reporter-output>
        </test-method> <!-- SignupMethod -->
        <test-method is-config="true" signature="afterMethod(org.testng.ITestResult)[pri:0, instance:qa.test.TestCase3@17f62e33]" started-at="2025-03-11T16:32:57 EDT" name="afterMethod" finished-at="2025-03-11T16:32:57 EDT" duration-ms="2" status="PASS">
          <params>
            <param index="0">
              <value>
                <![CDATA[[TestResult name=SignupMethod status=SUCCESS method=TestCase3.SignupMethod()[pri:0, instance:qa.test.TestCase3@17f62e33] output={null}]]]>
              </value>
            </param>
          </params>
          <reporter-output>
          </reporter-output>
        </test-method> <!-- afterMethod -->
        <test-method signature="testExample()[pri:0, instance:qa.test.TestCase3@17f62e33]" started-at="2025-03-11T16:32:57 EDT" name="testExample" finished-at="2025-03-11T16:32:57 EDT" duration-ms="3" status="PASS">
          <reporter-output>
          </reporter-output>
        </test-method> <!-- testExample -->
        <test-method is-config="true" signature="afterMethod(org.testng.ITestResult)[pri:0, instance:qa.test.TestCase3@17f62e33]" started-at="2025-03-11T16:32:57 EDT" name="afterMethod" finished-at="2025-03-11T16:32:57 EDT" duration-ms="1" status="PASS">
          <params>
            <param index="0">
              <value>
                <![CDATA[[TestResult name=testExample status=SUCCESS method=baseTest.testExample()[pri:0, instance:qa.test.TestCase3@17f62e33] output={null}]]]>
              </value>
            </param>
          </params>
          <reporter-output>
          </reporter-output>
        </test-method> <!-- afterMethod -->
        <test-method is-config="true" signature="afterClass()[pri:0, instance:qa.test.TestCase3@17f62e33]" started-at="2025-03-11T16:32:57 EDT" name="afterClass" finished-at="2025-03-11T16:32:57 EDT" duration-ms="1" status="PASS">
          <reporter-output>
          </reporter-output>
        </test-method> <!-- afterClass -->
        <test-method is-config="true" signature="tearDown()[pri:0, instance:qa.test.TestCase3@17f62e33]" started-at="2025-03-11T16:32:57 EDT" name="tearDown" finished-at="2025-03-11T16:32:58 EDT" duration-ms="1506" status="PASS">
          <reporter-output>
          </reporter-output>
        </test-method> <!-- tearDown -->
      </class> <!-- qa.test.TestCase3 -->
      <class name="qa.test.TestCase1">
        <test-method is-config="true" signature="setUp(java.lang.String)[pri:0, instance:qa.test.TestCase1@4b741d6d]" started-at="2025-03-11T16:32:08 EDT" name="setUp" finished-at="2025-03-11T16:32:39 EDT" duration-ms="31138" status="PASS">
          <params>
            <param index="0">
              <value>
                <![CDATA[firefox]]>
              </value>
            </param>
          </params>
          <reporter-output>
          </reporter-output>
        </test-method> <!-- setUp -->
        <test-method is-config="true" signature="beforeClass()[pri:0, instance:qa.test.TestCase1@4b741d6d]" started-at="2025-03-11T16:32:39 EDT" name="beforeClass" finished-at="2025-03-11T16:32:40 EDT" duration-ms="69" status="PASS">
          <reporter-output>
          </reporter-output>
        </test-method> <!-- beforeClass -->
        <test-method signature="EnteringCredentailMethod()[pri:0, instance:qa.test.TestCase1@4b741d6d]" started-at="2025-03-11T16:32:40 EDT" name="EnteringCredentailMethod" finished-at="2025-03-11T16:32:40 EDT" duration-ms="706" status="PASS">
          <reporter-output>
          </reporter-output>
        </test-method> <!-- EnteringCredentailMethod -->
        <test-method is-config="true" signature="afterMethod(org.testng.ITestResult)[pri:0, instance:qa.test.TestCase1@4b741d6d]" started-at="2025-03-11T16:32:40 EDT" name="afterMethod" finished-at="2025-03-11T16:32:40 EDT" duration-ms="8" status="PASS">
          <params>
            <param index="0">
              <value>
                <![CDATA[[TestResult name=EnteringCredentailMethod status=SUCCESS method=TestCase1.EnteringCredentailMethod()[pri:0, instance:qa.test.TestCase1@4b741d6d] output={null}]]]>
              </value>
            </param>
          </params>
          <reporter-output>
          </reporter-output>
        </test-method> <!-- afterMethod -->
        <test-method signature="testExample()[pri:0, instance:qa.test.TestCase1@4b741d6d]" started-at="2025-03-11T16:32:40 EDT" name="testExample" finished-at="2025-03-11T16:32:40 EDT" duration-ms="4" status="PASS">
          <reporter-output>
          </reporter-output>
        </test-method> <!-- testExample -->
        <test-method is-config="true" signature="afterMethod(org.testng.ITestResult)[pri:0, instance:qa.test.TestCase1@4b741d6d]" started-at="2025-03-11T16:32:40 EDT" name="afterMethod" finished-at="2025-03-11T16:32:40 EDT" duration-ms="1" status="PASS">
          <params>
            <param index="0">
              <value>
                <![CDATA[[TestResult name=testExample status=SUCCESS method=baseTest.testExample()[pri:0, instance:qa.test.TestCase1@4b741d6d] output={null}]]]>
              </value>
            </param>
          </params>
          <reporter-output>
          </reporter-output>
        </test-method> <!-- afterMethod -->
        <test-method is-config="true" signature="afterClass()[pri:0, instance:qa.test.TestCase1@4b741d6d]" started-at="2025-03-11T16:32:40 EDT" name="afterClass" finished-at="2025-03-11T16:32:40 EDT" duration-ms="0" status="PASS">
          <reporter-output>
          </reporter-output>
        </test-method> <!-- afterClass -->
        <test-method is-config="true" signature="tearDown()[pri:0, instance:qa.test.TestCase1@4b741d6d]" started-at="2025-03-11T16:32:40 EDT" name="tearDown" finished-at="2025-03-11T16:32:42 EDT" duration-ms="1590" status="PASS">
          <reporter-output>
          </reporter-output>
        </test-method> <!-- tearDown -->
      </class> <!-- qa.test.TestCase1 -->
      <class name="qa.test.TestCase8">
        <test-method is-config="true" signature="setUp(java.lang.String)[pri:0, instance:qa.test.TestCase8@2af004b]" started-at="2025-03-11T16:33:19 EDT" name="setUp" finished-at="2025-03-11T16:33:24 EDT" duration-ms="5043" status="PASS">
          <params>
            <param index="0">
              <value>
                <![CDATA[firefox]]>
              </value>
            </param>
          </params>
          <reporter-output>
          </reporter-output>
        </test-method> <!-- setUp -->
        <test-method is-config="true" signature="beforeClass()[pri:0, instance:qa.test.TestCase8@2af004b]" started-at="2025-03-11T16:33:24 EDT" name="beforeClass" finished-at="2025-03-11T16:33:25 EDT" duration-ms="1091" status="PASS">
          <reporter-output>
          </reporter-output>
        </test-method> <!-- beforeClass -->
        <test-method signature="returnConlistMethod()[pri:0, instance:qa.test.TestCase8@2af004b]" started-at="2025-03-11T16:33:25 EDT" name="returnConlistMethod" finished-at="2025-03-11T16:33:36 EDT" duration-ms="11216" status="PASS">
          <reporter-output>
          </reporter-output>
        </test-method> <!-- returnConlistMethod -->
        <test-method is-config="true" signature="afterMethod(org.testng.ITestResult)[pri:0, instance:qa.test.TestCase8@2af004b]" started-at="2025-03-11T16:33:36 EDT" name="afterMethod" finished-at="2025-03-11T16:33:36 EDT" duration-ms="1" status="PASS">
          <params>
            <param index="0">
              <value>
                <![CDATA[[TestResult name=returnConlistMethod status=SUCCESS method=TestCase8.returnConlistMethod()[pri:0, instance:qa.test.TestCase8@2af004b] output={null}]]]>
              </value>
            </param>
          </params>
          <reporter-output>
          </reporter-output>
        </test-method> <!-- afterMethod -->
        <test-method signature="testExample()[pri:0, instance:qa.test.TestCase8@2af004b]" started-at="2025-03-11T16:33:36 EDT" name="testExample" finished-at="2025-03-11T16:33:36 EDT" duration-ms="2" status="PASS">
          <reporter-output>
          </reporter-output>
        </test-method> <!-- testExample -->
        <test-method is-config="true" signature="afterMethod(org.testng.ITestResult)[pri:0, instance:qa.test.TestCase8@2af004b]" started-at="2025-03-11T16:33:36 EDT" name="afterMethod" finished-at="2025-03-11T16:33:36 EDT" duration-ms="2" status="PASS">
          <params>
            <param index="0">
              <value>
                <![CDATA[[TestResult name=testExample status=SUCCESS method=baseTest.testExample()[pri:0, instance:qa.test.TestCase8@2af004b] output={null}]]]>
              </value>
            </param>
          </params>
          <reporter-output>
          </reporter-output>
        </test-method> <!-- afterMethod -->
        <test-method is-config="true" signature="afterClass()[pri:0, instance:qa.test.TestCase8@2af004b]" started-at="2025-03-11T16:33:36 EDT" name="afterClass" finished-at="2025-03-11T16:33:36 EDT" duration-ms="1" status="PASS">
          <reporter-output>
          </reporter-output>
        </test-method> <!-- afterClass -->
        <test-method is-config="true" signature="tearDown()[pri:0, instance:qa.test.TestCase8@2af004b]" started-at="2025-03-11T16:33:36 EDT" name="tearDown" finished-at="2025-03-11T16:33:38 EDT" duration-ms="1484" status="PASS">
          <reporter-output>
          </reporter-output>
        </test-method> <!-- tearDown -->
      </class> <!-- qa.test.TestCase8 -->
    </test> <!-- Test -->
  </suite> <!-- Suite -->
</testng-results>
