<?xml version="1.0" encoding="UTF-8"?>
<!-- Generated by org.testng.reporters.JUnitXMLReporter -->
<testsuite ignored="0" hostname="RayhanaIbrahim" failures="0" tests="18" name="Test" time="141.152" errors="0" timestamp="2025-04-10T14:34:20 EDT">
  <testcase classname="qa.test.TestCase1" name="EnteringCredentailMethod" time="0.818"/>
  <testcase classname="Base.baseTest" name="testExample" time="0.005"/>
  <testcase classname="qa.test.TestCase2" name="InsertingContactDetail" time="1.363"/>
  <testcase classname="Base.baseTest" name="testExample" time="0.004"/>
  <testcase classname="qa.test.TestCase3" name="SignupMethod" time="1.635"/>
  <testcase classname="Base.baseTest" name="testExample" time="0.0"/>
  <testcase classname="qa.test.TestCase4" name="ShowContactListMethod" time="14.471"/>
  <testcase classname="Base.baseTest" name="testExample" time="0.0"/>
  <testcase classname="qa.test.TestCase8" name="returnConlistMethod" time="11.109"/>
  <testcase classname="Base.baseTest" name="testExample" time="0.005"/>
  <testcase classname="qa.test.TestCase6" name="EditContactMethod" time="0.418"/>
  <testcase classname="Base.baseTest" name="testExample" time="0.003"/>
  <testcase classname="qa.test.TestCase7" name="invalidloginMethod" time="1.164"/>
  <testcase classname="Base.baseTest" name="testExample" time="0.0"/>
  <testcase classname="qa.test.TestCase5" name="DeleteConMethod" time="1.226"/>
  <testcase classname="Base.baseTest" name="testExample" time="0.005"/>
  <testcase classname="qa.test.TestCase10" name="logoutMethod" time="0.005"/>
  <testcase classname="Base.baseTest" name="testExample" time="0.0"/>
</testsuite> <!-- Test -->
