<?xml version="1.0" encoding="UTF-8"?>
<!-- Generated by org.testng.reporters.JUnitXMLReporter -->
<testsuite ignored="0" hostname="RayhanaIbrahim" failures="0" tests="18" name="Test" time="119.777" errors="0" timestamp="2025-03-11T16:34:08 EDT">
  <testcase classname="qa.test.TestCase1" name="EnteringCredentailMethod" time="0.706"/>
  <testcase classname="Base.baseTest" name="testExample" time="0.004"/>
  <testcase classname="qa.test.TestCase2" name="InsertingContactDetail" time="0.983"/>
  <testcase classname="Base.baseTest" name="testExample" time="0.002"/>
  <testcase classname="qa.test.TestCase3" name="SignupMethod" time="1.372"/>
  <testcase classname="Base.baseTest" name="testExample" time="0.003"/>
  <testcase classname="qa.test.TestCase4" name="ShowContactListMethod" time="13.609"/>
  <testcase classname="Base.baseTest" name="testExample" time="0.002"/>
  <testcase classname="qa.test.TestCase8" name="returnConlistMethod" time="11.216"/>
  <testcase classname="Base.baseTest" name="testExample" time="0.002"/>
  <testcase classname="qa.test.TestCase6" name="EditContactMethod" time="0.638"/>
  <testcase classname="Base.baseTest" name="testExample" time="0.001"/>
  <testcase classname="qa.test.TestCase7" name="invalidloginMethod" time="0.683"/>
  <testcase classname="Base.baseTest" name="testExample" time="0.002"/>
  <testcase classname="qa.test.TestCase5" name="DeleteConMethod" time="1.101"/>
  <testcase classname="Base.baseTest" name="testExample" time="0.003"/>
  <testcase classname="qa.test.TestCase10" name="logoutMethod" time="0.003"/>
  <testcase classname="Base.baseTest" name="testExample" time="0.002"/>
</testsuite> <!-- Test -->
